E:\projects\olavo\xbw32\DebugtinyxmlSTL\BscMake.command.1.tlog
E:\projects\olavo\xbw32\DebugtinyxmlSTL\bscmake.read.1.tlog
E:\projects\olavo\xbw32\DebugtinyxmlSTL\bscmake.write.1.tlog
E:\projects\olavo\xbw32\DebugtinyxmlSTL\cl.command.1.tlog
E:\projects\olavo\xbw32\DebugtinyxmlSTL\CL.read.1.tlog
E:\projects\olavo\xbw32\DebugtinyxmlSTL\CL.write.1.tlog
E:\projects\olavo\xbw32\DebugtinyxmlSTL\lib.command.1.tlog
E:\projects\olavo\xbw32\DebugtinyxmlSTL\Lib-link.read.1.tlog
E:\projects\olavo\xbw32\DebugtinyxmlSTL\Lib-link.write.1.tlog
E:\PROJECTS\OLAVO\XBW32\DEBUGTINYXMLSTL\TINYSTR.OBJ
E:\PROJECTS\OLAVO\XBW32\DEBUGTINYXMLSTL\TINYSTR.SBR
E:\PROJECTS\OLAVO\XBW32\DEBUGTINYXMLSTL\TINYXML.OBJ
E:\PROJECTS\OLAVO\XBW32\DEBUGTINYXMLSTL\TINYXML.SBR
E:\PROJECTS\OLAVO\XBW32\DEBUGTINYXMLSTL\TINYXMLERROR.OBJ
E:\PROJECTS\OLAVO\XBW32\DEBUGTINYXMLSTL\TINYXMLERROR.SBR
E:\PROJECTS\OLAVO\XBW32\DEBUGTINYXMLSTL\TINYXMLPARSER.OBJ
E:\PROJECTS\OLAVO\XBW32\DEBUGTINYXMLSTL\TINYXMLPARSER.SBR
E:\PROJECTS\OLAVO\XBW32\DEBUGTINYXMLSTL\TINYXMLSTL.BSC
E:\PROJECTS\OLAVO\XBW32\DEBUGTINYXMLSTL\TINYXMLSTL.LIB
E:\projects\olavo\xbw32\DebugtinyxmlSTL\tinyxmlSTL.write.1.tlog
E:\projects\olavo\xbw32\DebugtinyxmlSTL\vc100.idb
E:\PROJECTS\OLAVO\XBW32\DEBUGTINYXMLSTL\VC100.PDB
