G:\PROJECTS\OLAVO\XBW32\X64\RELEASE\MOC_BB.APPLICATION.OBJ
G:\PROJECTS\OLAVO\XBW32\X64\RELEASE\BB.WRITEDOCUMENT.OBJ
G:\PROJECTS\OLAVO\XBW32\X64\RELEASE\BB.PAGELIST.OBJ
G:\PROJECTS\OLAVO\XBW32\X64\RELEASE\BB.MDIFRAMEWINDOWDELEGATE.OBJ
G:\PROJECTS\OLAVO\XBW32\X64\RELEASE\BB.MDIFRAMEWINDOW.OBJ
G:\PROJECTS\OLAVO\XBW32\X64\RELEASE\BB.MDICHILDWINDOWPRINTPREVIEW.OBJ
G:\PROJECTS\OLAVO\XBW32\X64\RELEASE\BB.MDICHILDWINDOWOPENPAPER.OBJ
G:\PROJECTS\OLAVO\XBW32\X64\RELEASE\BB.MDICHILDWINDOWNEWPAPER.OBJ
G:\PROJECTS\OLAVO\XBW32\X64\RELEASE\BB.MAIN.OBJ
G:\PROJECTS\OLAVO\XBW32\X64\RELEASE\BB.INFORMATIONGROUPDATA.OBJ
G:\PROJECTS\OLAVO\XBW32\X64\RELEASE\BB.INFORMATIONGROUP.OBJ
G:\PROJECTS\OLAVO\XBW32\X64\RELEASE\BB.GROUPMANAGER.OBJ
G:\PROJECTS\OLAVO\XBW32\X64\RELEASE\BB.GROUPLIST.OBJ
G:\PROJECTS\OLAVO\XBW32\X64\RELEASE\BB.DIALOGOPENLISTPAPERS.OBJ
G:\PROJECTS\OLAVO\XBW32\X64\RELEASE\BB.DIALOGNEWPAPERS.OBJ
G:\PROJECTS\OLAVO\XBW32\X64\RELEASE\BB.DIALOGLISTSQLSERVERINSTANCES.OBJ
G:\PROJECTS\OLAVO\XBW32\X64\RELEASE\BB.DIALOGCONFIGAPPLICATIONOPTIONS.OBJ
G:\PROJECTS\OLAVO\XBW32\X64\RELEASE\BB.DATASOURCEMANAGER.OBJ
G:\PROJECTS\OLAVO\XBW32\X64\RELEASE\BB.CREATEDATABASEDATA.OBJ
G:\PROJECTS\OLAVO\XBW32\X64\RELEASE\BB.APPLICATION.OBJ
G:\PROJECTS\OLAVO\XBW32\X64\RELEASE\MOC_XBW32.OBJ
G:\PROJECTS\OLAVO\XBW32\X64\RELEASE\MOC_BB.MDIFRAMEWINDOWDELEGATE.OBJ
G:\PROJECTS\OLAVO\XBW32\X64\RELEASE\MOC_BB.MDIFRAMEWINDOW.OBJ
G:\PROJECTS\OLAVO\XBW32\X64\RELEASE\MOC_BB.MDICHILDWINDOWPRINTPREVIEW.OBJ
G:\PROJECTS\OLAVO\XBW32\X64\RELEASE\MOC_BB.MDICHILDWINDOWOPENPAPER.OBJ
G:\PROJECTS\OLAVO\XBW32\GENERATEDFILES\RELEASE\MOC_XBW32.CPP
G:\PROJECTS\OLAVO\XBW32\GENERATEDFILES\UI_XBW32.H
G:\PROJECTS\OLAVO\XBW32\GENERATEDFILES\RELEASE\MOC_BB.DIALOGLISTSQLSERVERINSTANCES.CPP
G:\PROJECTS\OLAVO\XBW32\GENERATEDFILES\RELEASE\MOC_BB.MDICHILDWINDOWPRINTPREVIEW.CPP
G:\PROJECTS\OLAVO\XBW32\GENERATEDFILES\RELEASE\MOC_BB.MDIFRAMEWINDOWDELEGATE.CPP
G:\PROJECTS\OLAVO\XBW32\GENERATEDFILES\RELEASE\MOC_BB.MDIFRAMEWINDOW.CPP
G:\PROJECTS\OLAVO\XBW32\GENERATEDFILES\RELEASE\MOC_BB.MDICHILDWINDOWOPENPAPER.CPP
G:\PROJECTS\OLAVO\XBW32\GENERATEDFILES\RELEASE\MOC_BB.MDICHILDWINDOWNEWPAPER.CPP
G:\PROJECTS\OLAVO\XBW32\GENERATEDFILES\RELEASE\MOC_BB.DIALOGOPENLISTPAPERS.CPP
G:\PROJECTS\OLAVO\XBW32\GENERATEDFILES\RELEASE\MOC_BB.DIALOGNEWPAPERS.CPP
G:\PROJECTS\OLAVO\XBW32\GENERATEDFILES\RELEASE\MOC_BB.APPLICATION.CPP
G:\PROJECTS\OLAVO\XBW32\GENERATEDFILES\QRC_XBW32.CPP
E:\Projects\olavo\xbw32\x64\Release\bb.Application.obj
E:\Projects\olavo\xbw32\x64\Release\bb.CreateDatabaseData.obj
E:\Projects\olavo\xbw32\x64\Release\bb.DataSourceManager.obj
E:\Projects\olavo\xbw32\x64\Release\bb.DialogConfigApplicationOptions.obj
E:\Projects\olavo\xbw32\x64\Release\bb.DialogListSQLServerInstances.obj
E:\Projects\olavo\xbw32\x64\Release\bb.DialogNewPapers.obj
E:\Projects\olavo\xbw32\x64\Release\bb.DialogOpenListPapers.obj
E:\Projects\olavo\xbw32\x64\Release\bb.GroupList.obj
E:\Projects\olavo\xbw32\x64\Release\bb.GroupManager.obj
E:\Projects\olavo\xbw32\x64\Release\bb.InformationGroup.obj
E:\Projects\olavo\xbw32\x64\Release\bb.InformationGroupData.obj
E:\Projects\olavo\xbw32\x64\Release\bb.main.obj
E:\Projects\olavo\xbw32\x64\Release\bb.MDIChildWindowNewPaper.obj
E:\Projects\olavo\xbw32\x64\Release\bb.MDIChildWindowOpenPaper.obj
E:\Projects\olavo\xbw32\x64\Release\bb.MDIChildWindowPrintPreview.obj
E:\Projects\olavo\xbw32\x64\Release\bb.MDIFrameWindow.obj
E:\Projects\olavo\xbw32\x64\Release\bb.MDIFrameWindowDelegate.obj
E:\Projects\olavo\xbw32\x64\Release\bb.PageList.obj
E:\Projects\olavo\xbw32\x64\Release\bb.WriteDocument.obj
E:\Projects\olavo\xbw32\x64\Release\moc_bb.Application.obj
E:\Projects\olavo\xbw32\x64\Release\moc_bb.MDIChildWindowOpenPaper.obj
E:\Projects\olavo\xbw32\x64\Release\moc_bb.MDIChildWindowPrintPreview.obj
E:\Projects\olavo\xbw32\x64\Release\moc_bb.MDIFrameWindow.obj
E:\Projects\olavo\xbw32\x64\Release\moc_bb.MDIFrameWindowDelegate.obj
E:\Projects\olavo\xbw32\x64\Release\moc_xbw32.obj
E:\Projects\olavo\xbw32\x64\Release\cl.command.1.tlog
E:\Projects\olavo\xbw32\x64\Release\CL.read.1.tlog
E:\Projects\olavo\xbw32\x64\Release\CL.write.1.tlog
E:\Projects\olavo\xbw32\x64\Release\custombuild.command.1.tlog
E:\Projects\olavo\xbw32\x64\Release\custombuild.read.1.tlog
E:\Projects\olavo\xbw32\x64\Release\custombuild.write.1.tlog
