c:\projects\olavo\xbw_32\x64\debug\vc141.pdb
c:\projects\olavo\xbw_32\x64\debug\bb.main.obj
c:\projects\olavo\xbw_32\x64\debug\bb.group_manager.obj
c:\projects\olavo\xbw_32\x64\debug\bb.dialog_open_list_papers.obj
c:\projects\olavo\xbw_32\x64\debug\bb.dialog_new_paperss.obj
c:\projects\olavo\xbw_32\x64\debug\bb.dialog_list_sql_server_intances.obj
c:\projects\olavo\xbw_32\x64\debug\bb.dialog_config_application_options.obj
c:\projects\olavo\xbw_32\x64\debug\bb.defs.obj
c:\projects\olavo\xbw_32\x64\debug\bb.box_print_preview.obj
c:\projects\olavo\xbw_32\x64\debug\bb.box_menu_tools.obj
c:\projects\olavo\xbw_32\x64\debug\bb.box_select_group_page.obj
c:\projects\olavo\xbw_32\x64\debug\bb.box_search.obj
c:\projects\olavo\xbw_32\x64\debug\bb.box_page_numbers.obj
c:\projects\olavo\xbw_32\x64\debug\bb.box_numbers.obj
c:\projects\olavo\xbw_32\x64\debug\bb.box_list_items.obj
c:\projects\olavo\xbw_32\x64\debug\bb.box_information.obj
c:\projects\olavo\xbw_32\x64\debug\bb.box_editions.obj
c:\projects\olavo\xbw_32\x64\debug\bb.box_buttons.obj
c:\projects\olavo\xbw_32\x64\debug\bb.create_database_data.obj
c:\projects\olavo\xbw_32\x64\debug\bb.application.obj
c:\projects\olavo\xbw_32\x64\debug\bb.table_interface.obj
c:\projects\olavo\xbw_32\x64\debug\bb.table_information.obj
c:\projects\olavo\xbw_32\x64\debug\bb.table_controller.obj
c:\projects\olavo\xbw_32\x64\debug\bb.spreadsheet_view.obj
c:\projects\olavo\xbw_32\x64\debug\bb.spreadsheet_select_other_group.obj
c:\projects\olavo\xbw_32\x64\debug\bb.spreadsheet_manual_insert.obj
c:\projects\olavo\xbw_32\x64\debug\bb.spreadsheet_insert_by.obj
c:\projects\olavo\xbw_32\x64\debug\bb.spreadsheet_insert.obj
c:\projects\olavo\xbw_32\x64\debug\bb.spreadsheet_initialize_distribution.obj
c:\projects\olavo\xbw_32\x64\debug\bb.spreadsheet_edit_finder_numbers.obj
c:\projects\olavo\xbw_32\x64\debug\bb.spreadsheet_edit_finder.obj
c:\projects\olavo\xbw_32\x64\debug\bb.spreadsheet_delete.obj
c:\projects\olavo\xbw_32\x64\debug\bb.spreadsheet_box_entry_numbers.obj
c:\projects\olavo\xbw_32\x64\debug\bb.spreadsheet_advanced.obj
c:\projects\olavo\xbw_32\x64\debug\bb.mdiframewindow.obj
c:\projects\olavo\xbw_32\x64\debug\bb.mdichildwindow_special_combination.obj
c:\projects\olavo\xbw_32\x64\debug\bb.mdichildwindow_print_preview.obj
c:\projects\olavo\xbw_32\x64\debug\bb.mdichildwindow_open_paper.obj
c:\projects\olavo\xbw_32\x64\debug\bb.mdichildwindow_new_paper.obj
c:\projects\olavo\xbw_32\x64\debug\bb.mdichildwindow.obj
c:\projects\olavo\xbw_32\x64\debug\bb.table_resources.obj
c:\projects\olavo\xbw_32\x64\debug\bb.table_numbers.obj
c:\projects\olavo\xbw_32\x64\debug\bb.table_item_delegate.obj
c:\projects\olavo\xbw_32\x64\debug\bb.assign.obj
c:\projects\olavo\xbw_32\generatedfiles\ui_xbw32.h
c:\projects\olavo\xbw_32\generatedfiles\qrc_xbw32.cpp
c:\projects\olavo\xbw_32\x64\debug\msado15.tli
c:\projects\olavo\xbw_32\x64\debug\msado15.tlh
c:\projects\olavo\xbw_32\x64\debug\xbw32.tlog\cl.command.1.tlog
c:\projects\olavo\xbw_32\x64\debug\xbw32.tlog\cl.read.1.tlog
c:\projects\olavo\xbw_32\x64\debug\xbw32.tlog\cl.write.1.tlog
c:\projects\olavo\xbw_32\x64\debug\xbw32.tlog\custombuild.command.1.tlog
c:\projects\olavo\xbw_32\x64\debug\xbw32.tlog\custombuild.read.1.tlog
c:\projects\olavo\xbw_32\x64\debug\xbw32.tlog\custombuild.write.1.tlog
c:\projects\olavo\xbw_32\x64\debug\xbw32.tlog\metagen.read.1.tlog
c:\projects\olavo\xbw_32\x64\debug\xbw32.tlog\metagen.write.1.tlog
c:\projects\olavo\xbw_32\x64\debug\xbw32.tlog\msado15.dll.bi
