C:\Program Files (x86)\MSBuild\Microsoft.Cpp\v4.0\Microsoft.CppBuild.targets(298,5): warning MSB8004: Intermediate Directory does not end with a trailing slash.  This build instance will add the slash as it is required to allow proper evaluation of the Intermediate Directory.
C:\Program Files (x86)\MSBuild\Microsoft.Cpp\v4.0\Microsoft.CppBuild.targets(299,5): warning MSB8004: Output Directory does not end with a trailing slash.  This build instance will add the slash as it is required to allow proper evaluation of the Output Directory.
  Moc'ing xbw32.h...
  Uic'ing xbw32.ui...
  Moc'ing bb.CustomPrintPreview.hpp...
  Moc'ing bb.MDIChildWndSpecialCombination.hpp...
  Moc'ing bb.ManagerEditFinder.hpp...
  Moc'ing bb.ManagerAdvanced.hpp...
  Moc'ing bb.ManagerDelete.hpp...
  Moc'ing bb.ManagerGridView.hpp...
  Moc'ing bb.ManagerInitializeDistribution.hpp...
  Moc'ing bb.ManagerInsert.hpp...
  Moc'ing bb.ManagerInsertBy.hpp...
  Moc'ing bb.ManagerManualInsert.hpp...
  Moc'ing bb.ManagerSelectOtherGroup.hpp...
  Moc'ing bb.TableWidgetItemLineEdit.hpp...
  Moc'ing bb.ManagerBoxEntryNumbers.hpp...
  Moc'ing bb.TableEx.hpp...
  Moc'ing bb.TableExItemDelegate.hpp...
  Moc'ing bb.CustomBoxButtons.hpp...
  Moc'ing bb.CustomBoxEditions.hpp...
  Moc'ing bb.CustomBoxInformation.hpp...
  Moc'ing bb.CustomBoxListItems.hpp...
  Moc'ing bb.CustomBoxNumbers.hpp...
  Moc'ing bb.CustomBoxSearch.hpp...
  Moc'ing bb.CustomBoxSelectGrouppage.hpp...
  Moc'ing bb.CustomBoxPageNumbers.hpp...
  Moc'ing bb.CustomMDIChildWindow.hpp...
  Moc'ing bb.DialogListSQLServerInstances.hpp...
  Moc'ing bb.MDIChildWindowPrintPreview.hpp...
  Moc'ing bb.MDIFrameWindowDelegate.hpp...
  Moc'ing bb.MDIFrameWindow.hpp...
  Moc'ing bb.MDIChildWindowOpenPaper.hpp...
  Moc'ing bb.MDIChildWindowNewPaper.hpp...
  Moc'ing bb.DialogOpenListPapers.hpp...
  Moc'ing bb.DialogNewPapers.hpp...
  Moc'ing bb.Application.hpp...
  Rcc'ing xbw32.qrc...
RCC : warning : No resources in 'E:\projects\olavo\xbw32\xbw32.qrc'.
  
  bb.Application.cpp
  bb.CreateDatabaseData.cpp
  bb.CustomBoxButtons.cpp
  bb.CustomBoxEditions.cpp
  bb.CustomBoxInformation.cpp
  bb.CustomBoxListItems.cpp
  bb.CustomBoxNumbers.cpp
  bb.CustomBoxPageNumbers.cpp
  bb.CustomBoxSearch.cpp
  bb.CustomBoxSelectGrouppage.cpp
  bb.CustomMenuTools.cpp
  bb.CustomPrintPreview.cpp
  bb.DataGrid.cpp
  bb.DataGridImpl.cpp
  bb.DataNumber.cpp
  bb.DataSourceManager.cpp
  bb.DialogConfigApplicationOptions.cpp
  bb.DialogListSQLServerInstances.cpp
  bb.DialogNewPapers.cpp
  bb.DialogOpenListPapers.cpp
  Generating Code...
  Compiling...
  bb.ManagerBoxEntryNumbers.cpp
  bb.ManagerEditFinder.cpp
  bb.GroupList.cpp
  bb.GroupManager.cpp
  bb.InformationGroup.cpp
  bb.InformationGroupData.cpp
  bb.main.cpp
  bb.CustomMDIChildWindow.cpp
  bb.ManagerAdvanced.cpp
  bb.ManagerDelete.cpp
  bb.ManagerEditFinderNumbers.cpp
  bb.ManagerGridView.cpp
  bb.ManagerInitializeDistribution.cpp
  bb.ManagerInsert.cpp
  bb.ManagerInsertBy.cpp
  bb.ManagerManualInsert.cpp
  bb.MDIChildWindowNewPaper.cpp
  bb.MDIChildWindowOpenPaper.cpp
  bb.MDIChildWindowPrintPreview.cpp
  bb.MDIChildWndSpecialCombination.cpp
  Generating Code...
  Compiling...
  bb.MDIFrameWindow.cpp
  bb.MDIFrameWindowDelegate.cpp
  bb.PageList.cpp
  bb.ManagerSelectOtherGroup.cpp
  bb.TableEx.cpp
  bb.TableExItemDelegate.cpp
  bb.WriteDocument.cpp
  moc_bb.Application.cpp
  moc_bb.CustomBoxButtons.cpp
  moc_bb.CustomBoxEditions.cpp
  moc_bb.CustomBoxInformation.cpp
  moc_bb.CustomBoxListItems.cpp
  moc_bb.CustomBoxNumbers.cpp
  moc_bb.CustomBoxPageNumbers.cpp
  moc_bb.CustomBoxSearch.cpp
  moc_bb.CustomBoxSelectGrouppage.cpp
  moc_bb.CustomMDIChildWindow.cpp
  moc_bb.CustomPrintPreview.cpp
  moc_bb.DialogListSQLServerInstances.cpp
  moc_bb.DialogNewPapers.cpp
  Generating Code...
  Compiling...
  moc_bb.DialogOpenListPapers.cpp
  moc_bb.ManagerAdvanced.cpp
  moc_bb.ManagerBoxEntryNumbers.cpp
  moc_bb.ManagerDelete.cpp
  moc_bb.ManagerEditFinder.cpp
  moc_bb.ManagerGridView.cpp
  moc_bb.ManagerInitializeDistribution.cpp
  moc_bb.ManagerInsert.cpp
  moc_bb.ManagerInsertBy.cpp
  moc_bb.ManagerManualInsert.cpp
  moc_bb.ManagerSelectOtherGroup.cpp
  moc_bb.MDIChildWindowNewPaper.cpp
  moc_bb.MDIChildWindowOpenPaper.cpp
  moc_bb.MDIChildWindowPrintPreview.cpp
  moc_bb.MDIChildWndSpecialCombination.cpp
  moc_bb.MDIFrameWindow.cpp
  moc_bb.MDIFrameWindowDelegate.cpp
  moc_bb.TableEx.cpp
  moc_bb.TableExItemDelegate.cpp
  moc_bb.TableWidgetItemLineEdit.cpp
  Generating Code...
  Compiling...
  moc_xbw32.cpp
  Generating Code...
  qrc_xbw32.cpp
bb.ManagerEditFinderNumbers.obj : error LNK2019: unresolved external symbol "public: __thiscall std::DisplayProgressBar::DisplayProgressBar(class std::MDIFrameWindow *,class std::MDIChildWindow *)" (??0DisplayProgressBar@std@@QAE@PAVMDIFrameWindow@1@PAVMDIChildWindow@1@@Z) referenced in function "void __cdecl std::Captions::File::`dynamic initializer for 'CLOSE''(void)" (??__ECLOSE@File@Captions@std@@YAXXZ)
bb.ManagerGridView.obj : error LNK2001: unresolved external symbol "public: __thiscall std::DisplayProgressBar::DisplayProgressBar(class std::MDIFrameWindow *,class std::MDIChildWindow *)" (??0DisplayProgressBar@std@@QAE@PAVMDIFrameWindow@1@PAVMDIChildWindow@1@@Z)
bb.MDIChildWindowPrintPreview.obj : error LNK2001: unresolved external symbol "public: __thiscall std::DisplayProgressBar::DisplayProgressBar(class std::MDIFrameWindow *,class std::MDIChildWindow *)" (??0DisplayProgressBar@std@@QAE@PAVMDIFrameWindow@1@PAVMDIChildWindow@1@@Z)
bb.MDIChildWndSpecialCombination.obj : error LNK2001: unresolved external symbol "public: __thiscall std::DisplayProgressBar::DisplayProgressBar(class std::MDIFrameWindow *,class std::MDIChildWindow *)" (??0DisplayProgressBar@std@@QAE@PAVMDIFrameWindow@1@PAVMDIChildWindow@1@@Z)
bb.DataSourceManager.obj : error LNK2001: unresolved external symbol "public: __thiscall std::DisplayProgressBar::DisplayProgressBar(class std::MDIFrameWindow *,class std::MDIChildWindow *)" (??0DisplayProgressBar@std@@QAE@PAVMDIFrameWindow@1@PAVMDIChildWindow@1@@Z)
bb.DialogOpenListPapers.obj : error LNK2001: unresolved external symbol "public: __thiscall std::DisplayProgressBar::DisplayProgressBar(class std::MDIFrameWindow *,class std::MDIChildWindow *)" (??0DisplayProgressBar@std@@QAE@PAVMDIFrameWindow@1@PAVMDIChildWindow@1@@Z)
bb.ManagerEditFinder.obj : error LNK2001: unresolved external symbol "public: __thiscall std::DisplayProgressBar::DisplayProgressBar(class std::MDIFrameWindow *,class std::MDIChildWindow *)" (??0DisplayProgressBar@std@@QAE@PAVMDIFrameWindow@1@PAVMDIChildWindow@1@@Z)
bb.CustomMDIChildWindow.obj : error LNK2001: unresolved external symbol "public: __thiscall std::DisplayProgressBar::DisplayProgressBar(class std::MDIFrameWindow *,class std::MDIChildWindow *)" (??0DisplayProgressBar@std@@QAE@PAVMDIFrameWindow@1@PAVMDIChildWindow@1@@Z)
bb.CreateDatabaseData.obj : error LNK2001: unresolved external symbol "public: __thiscall std::DisplayProgressBar::DisplayProgressBar(class std::MDIFrameWindow *,class std::MDIChildWindow *)" (??0DisplayProgressBar@std@@QAE@PAVMDIFrameWindow@1@PAVMDIChildWindow@1@@Z)
bb.CustomBoxListItems.obj : error LNK2001: unresolved external symbol "public: __thiscall std::DisplayProgressBar::DisplayProgressBar(class std::MDIFrameWindow *,class std::MDIChildWindow *)" (??0DisplayProgressBar@std@@QAE@PAVMDIFrameWindow@1@PAVMDIChildWindow@1@@Z)
bb.CustomBoxSearch.obj : error LNK2001: unresolved external symbol "public: __thiscall std::DisplayProgressBar::DisplayProgressBar(class std::MDIFrameWindow *,class std::MDIChildWindow *)" (??0DisplayProgressBar@std@@QAE@PAVMDIFrameWindow@1@PAVMDIChildWindow@1@@Z)
bb.CustomMenuTools.obj : error LNK2001: unresolved external symbol "public: __thiscall std::DisplayProgressBar::DisplayProgressBar(class std::MDIFrameWindow *,class std::MDIChildWindow *)" (??0DisplayProgressBar@std@@QAE@PAVMDIFrameWindow@1@PAVMDIChildWindow@1@@Z)
.\Win32\Release\\xbw32.exe : fatal error LNK1120: 1 unresolved externals
