E:\projects\olavo\xbw32\.\Win32\Release\xbw32.exe
E:\projects\olavo\xbw32\.\Win32\Release\xbw32.exe.intermediate.manifest
E:\PROJECTS\OLAVO\XBW32\GENERATEDFILES\QRC_XBW32.CPP
E:\PROJECTS\OLAVO\XBW32\GENERATEDFILES\RELEASE\MOC_BB.APPLICATION.CPP
E:\PROJECTS\OLAVO\XBW32\GENERATEDFILES\RELEASE\MOC_BB.CUSTOMBOXBUTTONS.CPP
E:\PROJECTS\OLAVO\XBW32\GENERATEDFILES\RELEASE\MOC_BB.CUSTOMBOXEDITIONS.CPP
E:\PROJECTS\OLAVO\XBW32\GENERATEDFILES\RELEASE\MOC_BB.CUSTOMBOXINFORMATION.CPP
E:\PROJECTS\OLAVO\XBW32\GENERATEDFILES\RELEASE\MOC_BB.CUSTOMBOXLISTITEMS.CPP
E:\PROJECTS\OLAVO\XBW32\GENERATEDFILES\RELEASE\MOC_BB.CUSTOMBOXNUMBERS.CPP
E:\PROJECTS\OLAVO\XBW32\GENERATEDFILES\RELEASE\MOC_BB.CUSTOMBOXPAGENUMBERS.CPP
E:\PROJECTS\OLAVO\XBW32\GENERATEDFILES\RELEASE\MOC_BB.CUSTOMBOXSEARCH.CPP
E:\PROJECTS\OLAVO\XBW32\GENERATEDFILES\RELEASE\MOC_BB.CUSTOMBOXSELECTGROUPPAGE.CPP
E:\PROJECTS\OLAVO\XBW32\GENERATEDFILES\RELEASE\MOC_BB.CUSTOMMDICHILDWINDOW.CPP
E:\PROJECTS\OLAVO\XBW32\GENERATEDFILES\RELEASE\MOC_BB.CUSTOMPRINTPREVIEW.CPP
E:\PROJECTS\OLAVO\XBW32\GENERATEDFILES\RELEASE\MOC_BB.DIALOGLISTSQLSERVERINSTANCES.CPP
E:\PROJECTS\OLAVO\XBW32\GENERATEDFILES\RELEASE\MOC_BB.DIALOGNEWPAPERS.CPP
E:\PROJECTS\OLAVO\XBW32\GENERATEDFILES\RELEASE\MOC_BB.DIALOGOPENLISTPAPERS.CPP
E:\PROJECTS\OLAVO\XBW32\GENERATEDFILES\RELEASE\MOC_BB.MANAGERADVANCED.CPP
E:\PROJECTS\OLAVO\XBW32\GENERATEDFILES\RELEASE\MOC_BB.MANAGERBOXENTRYNUMBERS.CPP
E:\PROJECTS\OLAVO\XBW32\GENERATEDFILES\RELEASE\MOC_BB.MANAGERDELETE.CPP
E:\PROJECTS\OLAVO\XBW32\GENERATEDFILES\RELEASE\MOC_BB.MANAGEREDITFINDER.CPP
E:\PROJECTS\OLAVO\XBW32\GENERATEDFILES\RELEASE\MOC_BB.MANAGERGRIDVIEW.CPP
E:\PROJECTS\OLAVO\XBW32\GENERATEDFILES\RELEASE\MOC_BB.MANAGERINITIALIZEDISTRIBUTION.CPP
E:\PROJECTS\OLAVO\XBW32\GENERATEDFILES\RELEASE\MOC_BB.MANAGERINSERT.CPP
E:\PROJECTS\OLAVO\XBW32\GENERATEDFILES\RELEASE\MOC_BB.MANAGERINSERTBY.CPP
E:\PROJECTS\OLAVO\XBW32\GENERATEDFILES\RELEASE\MOC_BB.MANAGERMANUALINSERT.CPP
E:\PROJECTS\OLAVO\XBW32\GENERATEDFILES\RELEASE\MOC_BB.MANAGERSELECTOTHERGROUP.CPP
E:\PROJECTS\OLAVO\XBW32\GENERATEDFILES\RELEASE\MOC_BB.MDICHILDWINDOWNEWPAPER.CPP
E:\PROJECTS\OLAVO\XBW32\GENERATEDFILES\RELEASE\MOC_BB.MDICHILDWINDOWOPENPAPER.CPP
E:\PROJECTS\OLAVO\XBW32\GENERATEDFILES\RELEASE\MOC_BB.MDICHILDWINDOWPRINTPREVIEW.CPP
E:\PROJECTS\OLAVO\XBW32\GENERATEDFILES\RELEASE\MOC_BB.MDICHILDWNDSPECIALCOMBINATION.CPP
E:\PROJECTS\OLAVO\XBW32\GENERATEDFILES\RELEASE\MOC_BB.MDIFRAMEWINDOW.CPP
E:\PROJECTS\OLAVO\XBW32\GENERATEDFILES\RELEASE\MOC_BB.MDIFRAMEWINDOWDELEGATE.CPP
E:\PROJECTS\OLAVO\XBW32\GENERATEDFILES\RELEASE\MOC_BB.TABLEEX.CPP
E:\PROJECTS\OLAVO\XBW32\GENERATEDFILES\RELEASE\MOC_BB.TABLEEXITEMDELEGATE.CPP
E:\PROJECTS\OLAVO\XBW32\GENERATEDFILES\RELEASE\MOC_BB.TABLEWIDGETITEMLINEEDIT.CPP
E:\PROJECTS\OLAVO\XBW32\GENERATEDFILES\RELEASE\MOC_XBW32.CPP
E:\PROJECTS\OLAVO\XBW32\GENERATEDFILES\UI_XBW32.H
E:\PROJECTS\OLAVO\XBW32\WIN32\RELEASE\BB.APPLICATION.OBJ
E:\PROJECTS\OLAVO\XBW32\WIN32\RELEASE\BB.CREATEDATABASEDATA.OBJ
E:\PROJECTS\OLAVO\XBW32\WIN32\RELEASE\BB.CUSTOMBOXBUTTONS.OBJ
E:\PROJECTS\OLAVO\XBW32\WIN32\RELEASE\BB.CUSTOMBOXEDITIONS.OBJ
E:\PROJECTS\OLAVO\XBW32\WIN32\RELEASE\BB.CUSTOMBOXINFORMATION.OBJ
E:\PROJECTS\OLAVO\XBW32\WIN32\RELEASE\BB.CUSTOMBOXLISTITEMS.OBJ
E:\PROJECTS\OLAVO\XBW32\WIN32\RELEASE\BB.CUSTOMBOXNUMBERS.OBJ
E:\PROJECTS\OLAVO\XBW32\WIN32\RELEASE\BB.CUSTOMBOXPAGENUMBERS.OBJ
E:\PROJECTS\OLAVO\XBW32\WIN32\RELEASE\BB.CUSTOMBOXSEARCH.OBJ
E:\PROJECTS\OLAVO\XBW32\WIN32\RELEASE\BB.CUSTOMBOXSELECTGROUPPAGE.OBJ
E:\PROJECTS\OLAVO\XBW32\WIN32\RELEASE\BB.CUSTOMMDICHILDWINDOW.OBJ
E:\PROJECTS\OLAVO\XBW32\WIN32\RELEASE\BB.CUSTOMMENUTOOLS.OBJ
E:\PROJECTS\OLAVO\XBW32\WIN32\RELEASE\BB.CUSTOMPRINTPREVIEW.OBJ
E:\PROJECTS\OLAVO\XBW32\WIN32\RELEASE\BB.DATASOURCEMANAGER.OBJ
E:\PROJECTS\OLAVO\XBW32\WIN32\RELEASE\BB.DIALOGCONFIGAPPLICATIONOPTIONS.OBJ
E:\PROJECTS\OLAVO\XBW32\WIN32\RELEASE\BB.DIALOGLISTSQLSERVERINSTANCES.OBJ
E:\PROJECTS\OLAVO\XBW32\WIN32\RELEASE\BB.DIALOGNEWPAPERS.OBJ
E:\PROJECTS\OLAVO\XBW32\WIN32\RELEASE\BB.DIALOGOPENLISTPAPERS.OBJ
E:\PROJECTS\OLAVO\XBW32\WIN32\RELEASE\BB.GROUPLIST.OBJ
E:\PROJECTS\OLAVO\XBW32\WIN32\RELEASE\BB.GROUPMANAGER.OBJ
E:\PROJECTS\OLAVO\XBW32\WIN32\RELEASE\BB.INFORMATIONGROUP.OBJ
E:\PROJECTS\OLAVO\XBW32\WIN32\RELEASE\BB.INFORMATIONGROUPDATA.OBJ
E:\PROJECTS\OLAVO\XBW32\WIN32\RELEASE\BB.MAIN.OBJ
E:\PROJECTS\OLAVO\XBW32\WIN32\RELEASE\BB.MANAGERADVANCED.OBJ
E:\PROJECTS\OLAVO\XBW32\WIN32\RELEASE\BB.MANAGERBOXENTRYNUMBERS.OBJ
E:\PROJECTS\OLAVO\XBW32\WIN32\RELEASE\BB.MANAGERDELETE.OBJ
E:\PROJECTS\OLAVO\XBW32\WIN32\RELEASE\BB.MANAGEREDITFINDER.OBJ
E:\PROJECTS\OLAVO\XBW32\WIN32\RELEASE\BB.MANAGERGRIDVIEW.OBJ
E:\PROJECTS\OLAVO\XBW32\WIN32\RELEASE\BB.MANAGERINITIALIZEDISTRIBUTION.OBJ
E:\PROJECTS\OLAVO\XBW32\WIN32\RELEASE\BB.MANAGERINSERT.OBJ
E:\PROJECTS\OLAVO\XBW32\WIN32\RELEASE\BB.MANAGERINSERTBY.OBJ
E:\PROJECTS\OLAVO\XBW32\WIN32\RELEASE\BB.MANAGERMANUALINSERT.OBJ
E:\PROJECTS\OLAVO\XBW32\WIN32\RELEASE\BB.MANAGERSELECTOTHERGROUP.OBJ
E:\PROJECTS\OLAVO\XBW32\WIN32\RELEASE\BB.MDICHILDWINDOWNEWPAPER.OBJ
E:\PROJECTS\OLAVO\XBW32\WIN32\RELEASE\BB.MDICHILDWINDOWOPENPAPER.OBJ
E:\PROJECTS\OLAVO\XBW32\WIN32\RELEASE\BB.MDICHILDWINDOWPRINTPREVIEW.OBJ
E:\PROJECTS\OLAVO\XBW32\WIN32\RELEASE\BB.MDICHILDWNDSPECIALCOMBINATION.OBJ
E:\PROJECTS\OLAVO\XBW32\WIN32\RELEASE\BB.MDIFRAMEWINDOW.OBJ
E:\PROJECTS\OLAVO\XBW32\WIN32\RELEASE\BB.MDIFRAMEWINDOWDELEGATE.OBJ
E:\PROJECTS\OLAVO\XBW32\WIN32\RELEASE\BB.PAGELIST.OBJ
E:\PROJECTS\OLAVO\XBW32\WIN32\RELEASE\BB.TABLEEX.OBJ
E:\PROJECTS\OLAVO\XBW32\WIN32\RELEASE\BB.TABLEEXITEMDELEGATE.OBJ
E:\PROJECTS\OLAVO\XBW32\WIN32\RELEASE\BB.WRITEDOCUMENT.OBJ
E:\projects\olavo\xbw32\Win32\Release\cl.command.1.tlog
E:\projects\olavo\xbw32\Win32\Release\CL.read.1.tlog
E:\projects\olavo\xbw32\Win32\Release\CL.write.1.tlog
E:\projects\olavo\xbw32\Win32\Release\custombuild.command.1.tlog
E:\projects\olavo\xbw32\Win32\Release\custombuild.read.1.tlog
E:\projects\olavo\xbw32\Win32\Release\custombuild.write.1.tlog
E:\projects\olavo\xbw32\Win32\Release\link.command.1.tlog
E:\projects\olavo\xbw32\Win32\Release\link.read.1.tlog
E:\projects\olavo\xbw32\Win32\Release\link.write.1.tlog
E:\projects\olavo\xbw32\Win32\Release\link-cvtres.read.1.tlog
E:\projects\olavo\xbw32\Win32\Release\link-cvtres.write.1.tlog
E:\PROJECTS\OLAVO\XBW32\WIN32\RELEASE\MOC_BB.APPLICATION.OBJ
E:\PROJECTS\OLAVO\XBW32\WIN32\RELEASE\MOC_BB.CUSTOMBOXBUTTONS.OBJ
E:\PROJECTS\OLAVO\XBW32\WIN32\RELEASE\MOC_BB.CUSTOMBOXEDITIONS.OBJ
E:\PROJECTS\OLAVO\XBW32\WIN32\RELEASE\MOC_BB.CUSTOMBOXINFORMATION.OBJ
E:\PROJECTS\OLAVO\XBW32\WIN32\RELEASE\MOC_BB.CUSTOMBOXLISTITEMS.OBJ
E:\PROJECTS\OLAVO\XBW32\WIN32\RELEASE\MOC_BB.CUSTOMBOXNUMBERS.OBJ
E:\PROJECTS\OLAVO\XBW32\WIN32\RELEASE\MOC_BB.CUSTOMBOXPAGENUMBERS.OBJ
E:\PROJECTS\OLAVO\XBW32\WIN32\RELEASE\MOC_BB.CUSTOMBOXSEARCH.OBJ
E:\PROJECTS\OLAVO\XBW32\WIN32\RELEASE\MOC_BB.CUSTOMBOXSELECTGROUPPAGE.OBJ
E:\PROJECTS\OLAVO\XBW32\WIN32\RELEASE\MOC_BB.CUSTOMMDICHILDWINDOW.OBJ
E:\PROJECTS\OLAVO\XBW32\WIN32\RELEASE\MOC_BB.CUSTOMPRINTPREVIEW.OBJ
E:\PROJECTS\OLAVO\XBW32\WIN32\RELEASE\MOC_BB.DIALOGLISTSQLSERVERINSTANCES.OBJ
E:\PROJECTS\OLAVO\XBW32\WIN32\RELEASE\MOC_BB.DIALOGNEWPAPERS.OBJ
E:\PROJECTS\OLAVO\XBW32\WIN32\RELEASE\MOC_BB.DIALOGOPENLISTPAPERS.OBJ
E:\PROJECTS\OLAVO\XBW32\WIN32\RELEASE\MOC_BB.MANAGERADVANCED.OBJ
E:\PROJECTS\OLAVO\XBW32\WIN32\RELEASE\MOC_BB.MANAGERBOXENTRYNUMBERS.OBJ
E:\PROJECTS\OLAVO\XBW32\WIN32\RELEASE\MOC_BB.MANAGERDELETE.OBJ
E:\PROJECTS\OLAVO\XBW32\WIN32\RELEASE\MOC_BB.MANAGEREDITFINDER.OBJ
E:\PROJECTS\OLAVO\XBW32\WIN32\RELEASE\MOC_BB.MANAGERGRIDVIEW.OBJ
E:\PROJECTS\OLAVO\XBW32\WIN32\RELEASE\MOC_BB.MANAGERINITIALIZEDISTRIBUTION.OBJ
E:\PROJECTS\OLAVO\XBW32\WIN32\RELEASE\MOC_BB.MANAGERINSERT.OBJ
E:\PROJECTS\OLAVO\XBW32\WIN32\RELEASE\MOC_BB.MANAGERINSERTBY.OBJ
E:\PROJECTS\OLAVO\XBW32\WIN32\RELEASE\MOC_BB.MANAGERMANUALINSERT.OBJ
E:\PROJECTS\OLAVO\XBW32\WIN32\RELEASE\MOC_BB.MANAGERSELECTOTHERGROUP.OBJ
E:\PROJECTS\OLAVO\XBW32\WIN32\RELEASE\MOC_BB.MDICHILDWINDOWNEWPAPER.OBJ
E:\PROJECTS\OLAVO\XBW32\WIN32\RELEASE\MOC_BB.MDICHILDWINDOWOPENPAPER.OBJ
E:\PROJECTS\OLAVO\XBW32\WIN32\RELEASE\MOC_BB.MDICHILDWINDOWPRINTPREVIEW.OBJ
E:\PROJECTS\OLAVO\XBW32\WIN32\RELEASE\MOC_BB.MDICHILDWNDSPECIALCOMBINATION.OBJ
E:\PROJECTS\OLAVO\XBW32\WIN32\RELEASE\MOC_BB.MDIFRAMEWINDOW.OBJ
E:\PROJECTS\OLAVO\XBW32\WIN32\RELEASE\MOC_BB.MDIFRAMEWINDOWDELEGATE.OBJ
E:\PROJECTS\OLAVO\XBW32\WIN32\RELEASE\MOC_BB.TABLEEX.OBJ
E:\PROJECTS\OLAVO\XBW32\WIN32\RELEASE\MOC_BB.TABLEEXITEMDELEGATE.OBJ
E:\PROJECTS\OLAVO\XBW32\WIN32\RELEASE\MOC_BB.TABLEWIDGETITEMLINEEDIT.OBJ
E:\PROJECTS\OLAVO\XBW32\WIN32\RELEASE\MOC_XBW32.OBJ
E:\projects\olavo\xbw32\Win32\Release\mt.command.1.tlog
E:\projects\olavo\xbw32\Win32\Release\mt.read.1.tlog
E:\projects\olavo\xbw32\Win32\Release\mt.write.1.tlog
E:\PROJECTS\OLAVO\XBW32\WIN32\RELEASE\QRC_XBW32.OBJ
E:\projects\olavo\xbw32\Win32\Release\rc.command.1.tlog
E:\projects\olavo\xbw32\Win32\Release\rc.read.1.tlog
E:\projects\olavo\xbw32\Win32\Release\rc.write.1.tlog
E:\PROJECTS\OLAVO\XBW32\WIN32\RELEASE\XBW32.EXE
E:\PROJECTS\OLAVO\XBW32\WIN32\RELEASE\XBW32.EXE.INTERMEDIATE.MANIFEST
E:\projects\olavo\xbw32\Win32\Release\xbw32.write.1.tlog
E:\PROJECTS\OLAVO\XBW32\WIN32\RELEASE\XBW322.RES
